<?xml version="1.0" encoding="UTF-8"?>
<!-- Generated by org.testng.reporters.JUnitReportReporter -->
<testsuite skipped="0" hostname="INW-266" name="com.svam.twentyeighty.tests.Regression" tests="1" failures="0" timestamp="2019-11-01T15:31:31 IST" time="144.427" errors="0">
  <testcase name="ResellerApproval_CPC_processedAccess_Granted_Learning" time="144.427" classname="com.svam.twentyeighty.tests.Regression"/>
</testsuite> <!-- com.svam.twentyeighty.tests.Regression -->
