<?xml version="1.0" encoding="UTF-8"?>
<!-- Generated by org.testng.reporters.JUnitReportReporter -->
<testsuite skipped="0" hostname="INW-266" name="com.svam.twentyeighty.tests.CDSMapping" tests="1" failures="0" timestamp="2019-10-10T19:22:41 IST" time="526.868" errors="0">
  <testcase name="mapping" time="526.868" classname="com.svam.twentyeighty.tests.CDSMapping"/>
</testsuite> <!-- com.svam.twentyeighty.tests.CDSMapping -->
