<?xml version="1.0" encoding="UTF-8"?>
<!-- Generated by org.testng.reporters.JUnitReportReporter -->
<testsuite skipped="0" hostname="INW-266" name="com.svam.twentyeighty.tests.Support" tests="9" failures="0" timestamp="30 Aug 2019 09:11:35 GMT" time="0.034" errors="0">
  <testcase name="testAnagram" time="0.002" classname="com.svam.twentyeighty.tests.Support"/>
  <testcase name="testAnagram" time="0.006" classname="com.svam.twentyeighty.tests.Support"/>
  <testcase name="testAnagram" time="0.002" classname="com.svam.twentyeighty.tests.Support"/>
  <testcase name="testAnagram" time="0.001" classname="com.svam.twentyeighty.tests.Support"/>
  <testcase name="testAnagram" time="0.016" classname="com.svam.twentyeighty.tests.Support"/>
  <testcase name="testAnagram" time="0.002" classname="com.svam.twentyeighty.tests.Support"/>
  <testcase name="testAnagram" time="0.002" classname="com.svam.twentyeighty.tests.Support"/>
  <testcase name="testAnagram" time="0.002" classname="com.svam.twentyeighty.tests.Support"/>
  <testcase name="testAnagram" time="0.001" classname="com.svam.twentyeighty.tests.Support"/>
</testsuite> <!-- com.svam.twentyeighty.tests.Support -->
