<?xml version="1.0" encoding="UTF-8"?>
<!-- Generated by org.testng.reporters.JUnitReportReporter -->
<testsuite skipped="0" hostname="INW-266" name="com.svam.twentyeighty.tests.Regression" tests="22" failures="0" timestamp="2019-10-07T21:07:14 IST" time="3641.231" errors="0">
  <testcase name="CPC_Intacct_Id_Added" time="51.464" classname="com.svam.twentyeighty.tests.Regression"/>
  <testcase name="CPC_Intacct_ID_Details_Work" time="146.159" classname="com.svam.twentyeighty.tests.Regression"/>
  <testcase name="verifyIntacctID" time="78.703" classname="com.svam.twentyeighty.tests.Regression"/>
  <testcase name="CPC_Dummy_Intacct_ID_Save_Record" time="127.161" classname="com.svam.twentyeighty.tests.Regression"/>
  <testcase name="CPC_Intacct_ID_Manadtory_Field" time="78.668" classname="com.svam.twentyeighty.tests.Regression"/>
  <testcase name="CPC_Expectedstartdate" time="81.182" classname="com.svam.twentyeighty.tests.Regression"/>
  <testcase name="Futurestartdate_sessionmapping" time="142.999" classname="com.svam.twentyeighty.tests.Regression"/>
  <testcase name="CPC_Intacct_ID_Details_UIElements" time="135.094" classname="com.svam.twentyeighty.tests.Regression"/>
  <testcase name="CPC_ProcessedAccesGranted" time="155.410" classname="com.svam.twentyeighty.tests.Regression"/>
  <testcase name="CPC_Deleted" time="159.665" classname="com.svam.twentyeighty.tests.Regression"/>
  <testcase name="CPC_Pending" time="75.845" classname="com.svam.twentyeighty.tests.Regression"/>
  <testcase name="CPC_AwaitingAccess" time="131.601" classname="com.svam.twentyeighty.tests.Regression"/>
  <testcase name="Notes_CPC_Pending" time="214.211" classname="com.svam.twentyeighty.tests.Regression"/>
  <testcase name="Notes_CPC_AwaitingAccess" time="217.415" classname="com.svam.twentyeighty.tests.Regression"/>
  <testcase name="Registration_Verification_ResellerToCPC" time="164.515" classname="com.svam.twentyeighty.tests.Regression"/>
  <testcase name="CPC_License_validation" time="106.456" classname="com.svam.twentyeighty.tests.Regression"/>
  <testcase name="ResellerApproval_CPC_processedAccess_Granted_Learning" time="133.747" classname="com.svam.twentyeighty.tests.Regression"/>
  <testcase name="Reseller_sessionmapping" time="371.092" classname="com.svam.twentyeighty.tests.Regression"/>
  <testcase name="Reseller_sessionmapping_FutureExpectedDate" time="268.506" classname="com.svam.twentyeighty.tests.Regression"/>
  <testcase name="CPC_PublicWebsite_Registration_purchaseorder" time="286.655" classname="com.svam.twentyeighty.tests.Regression"/>
  <testcase name="CPC_PublicWebsite_Registration_Check" time="182.447" classname="com.svam.twentyeighty.tests.Regression"/>
  <testcase name="CPC_PublicWebsite_Registration_License" time="332.236" classname="com.svam.twentyeighty.tests.Regression"/>
</testsuite> <!-- com.svam.twentyeighty.tests.Regression -->
